[ 2024-12-21 18:26:50,709 ] 17 training - INFO - Training Pipeline Initialized
[ 2024-12-21 18:26:50,709 ] 63 data-ingestion - INFO - Generator Object Creating Started
[ 2024-12-21 18:26:50,709 ] 31 data-ingestion - INFO - Started Creating ImageDataGenerator Object for train and test
[ 2024-12-21 18:26:50,709 ] 33 data-ingestion - INFO - Training ImageDataGenerator Object
[ 2024-12-21 18:26:50,709 ] 41 data-ingestion - INFO - Testing ImageDataGenerator Object
[ 2024-12-21 18:26:50,709 ] 44 data-ingestion - INFO - Data Augmenation Objects Created
[ 2024-12-21 18:26:50,709 ] 67 data-ingestion - INFO - Training Generator Object Creating
[ 2024-12-21 18:26:50,851 ] 75 data-ingestion - INFO - Testing Generator Object Creating
[ 2024-12-21 18:26:50,988 ] 83 data-ingestion - INFO - Generator Objects Created successfully
[ 2024-12-21 18:26:50,988 ] 100 model-trainer - INFO - Initiating Training for our model
[ 2024-12-21 18:26:50,988 ] 64 model-trainer - INFO - Building Our own model with transfer learning
[ 2024-12-21 18:26:50,988 ] 37 model-trainer - INFO - Loading the Pretrained Model
[ 2024-12-21 18:26:53,422 ] 42 model-trainer - INFO - FineTuning the Model
[ 2024-12-21 18:26:53,424 ] 48 model-trainer - INFO - Model Loaded
[ 2024-12-21 18:26:53,462 ] 75 model-trainer - INFO - Model Builded Successfully
[ 2024-12-21 18:26:53,463 ] 77 model-trainer - INFO - Compiling our model
[ 2024-12-21 18:26:53,469 ] 80 model-trainer - INFO - Model Ready to train
[ 2024-12-21 18:26:53,470 ] 104 model-trainer - INFO - Initializing callbacks for our model
[ 2024-12-21 18:26:53,470 ] 107 model-trainer - INFO - Model Training Started
[ 2024-12-21 18:43:50,448 ] 118 model-trainer - INFO - Model Trained Successfully
[ 2024-12-21 18:43:50,449 ] 26 utils - INFO - Saving our model
[ 2024-12-21 18:43:50,464 ] 83 absl - WARNING - You are saving your model as an HDF5 file via `model.save()` or `keras.saving.save_model(model)`. This file format is considered legacy. We recommend using instead the native Keras format, e.g. `model.save('my_model.keras')` or `keras.saving.save_model(model, 'my_model.keras')`. 
[ 2024-12-21 18:43:52,777 ] 32 utils - INFO - Model Saved Successfully
[ 2024-12-21 18:43:52,779 ] 30 model-evaluation - INFO - Model Evaluation Started
[ 2024-12-21 18:43:52,779 ] 49 utils - INFO - Loading model from path
[ 2024-12-21 18:43:53,826 ] 256 absl - WARNING - Compiled the loaded model, but the compiled metrics have yet to be built. `model.compile_metrics` will be empty until you train or evaluate the model.
[ 2024-12-21 18:43:54,935 ] 54 utils - INFO - Model loaded successfully
[ 2024-12-21 18:43:54,935 ] 37 model-evaluation - INFO - Connecting to our DagsHub
[ 2024-12-21 18:43:56,047 ] 1025 httpx - INFO - HTTP Request: GET https://dagshub.com/api/v1/user "HTTP/1.1 200 OK"
[ 2024-12-21 18:43:56,079 ] 107 dagshub - INFO - Accessing as anonymous298
[ 2024-12-21 18:43:56,673 ] 1025 httpx - INFO - HTTP Request: GET https://dagshub.com/api/v1/repos/anonymous298/Potato-Disease-DL-Project "HTTP/1.1 200 OK"
[ 2024-12-21 18:43:57,248 ] 1025 httpx - INFO - HTTP Request: GET https://dagshub.com/api/v1/user "HTTP/1.1 200 OK"
[ 2024-12-21 18:43:57,257 ] 107 dagshub - INFO - Initialized MLflow to track repo "anonymous298/Potato-Disease-DL-Project"
[ 2024-12-21 18:43:57,261 ] 107 dagshub - INFO - Repository anonymous298/Potato-Disease-DL-Project initialized!
[ 2024-12-21 18:43:57,261 ] 41 model-evaluation - INFO - Evaluting for train data
[ 2024-12-21 18:45:09,853 ] 44 model-evaluation - INFO - Evaluting for test data
[ 2024-12-21 18:46:07,565 ] 47 model-evaluation - INFO - Experiment Tracking
[ 2024-12-21 18:47:49,331 ] 57 model-evaluation - INFO - Everything Completed
